CRITICAL - 2023-11-27 18:23:51 --> Invalid file: "layout/footer.php"
in SYSTEMPATH\Exceptions\FrameworkException.php on line 39.
 1 SYSTEMPATH\View\View.php(214): CodeIgniter\Exceptions\FrameworkException::forInvalidFile('layout/footer.php')
 2 SYSTEMPATH\Common.php(1188): CodeIgniter\View\View->render('layout/footer', [], true)
 3 APPPATH\Controllers\Home.php(11): view('layout/footer')
 4 SYSTEMPATH\CodeIgniter.php(919): App\Controllers\Home->index()
 5 SYSTEMPATH\CodeIgniter.php(494): CodeIgniter\CodeIgniter->runController(Object(App\Controllers\Home))
 6 SYSTEMPATH\CodeIgniter.php(353): CodeIgniter\CodeIgniter->handleRequest(null, Object(Config\Cache), false)
 7 FCPATH\index.php(79): CodeIgniter\CodeIgniter->run()
 8 SYSTEMPATH\Commands\Server\rewrite.php(47): require_once('C:\\xampp\\htdocs\\ayudar\\public\\index.php')
ERROR - 2023-11-27 19:33:54 --> mysqli_sql_exception: You have an error in your SQL syntax; check the manual that corresponds to your MariaDB server version for the right syntax to use near 'UNSIGNED NOT NULL,
	`created_at` DATETIME NOT NULL,
	`updated_at` DATETIME NU...' at line 5 in C:\xampp\htdocs\ayudar\system\Database\MySQLi\Connection.php:306
Stack trace:
#0 C:\xampp\htdocs\ayudar\system\Database\MySQLi\Connection.php(306): mysqli->query('CREATE TABLE `u...', 0)
#1 C:\xampp\htdocs\ayudar\system\Database\BaseConnection.php(692): CodeIgniter\Database\MySQLi\Connection->execute('CREATE TABLE `u...')
#2 C:\xampp\htdocs\ayudar\system\Database\BaseConnection.php(606): CodeIgniter\Database\BaseConnection->simpleQuery('CREATE TABLE `u...')
#3 C:\xampp\htdocs\ayudar\system\Database\Forge.php(546): CodeIgniter\Database\BaseConnection->query('CREATE TABLE `u...')
#4 C:\xampp\htdocs\ayudar\app\Database\Migrations\2023-11-27-192754_InfoUsers.php(45): CodeIgniter\Database\Forge->createTable('users_info')
#5 C:\xampp\htdocs\ayudar\system\Database\MigrationRunner.php(877): App\Database\Migrations\InfoUsers->up()
#6 C:\xampp\htdocs\ayudar\system\Database\MigrationRunner.php(188): CodeIgniter\Database\MigrationRunner->migrate('up', Object(stdClass))
#7 C:\xampp\htdocs\ayudar\system\Commands\Database\Migrate.php(84): CodeIgniter\Database\MigrationRunner->latest(NULL)
#8 C:\xampp\htdocs\ayudar\system\CLI\Commands.php(65): CodeIgniter\Commands\Database\Migrate->run(Array)
#9 C:\xampp\htdocs\ayudar\system\CLI\Console.php(37): CodeIgniter\CLI\Commands->run('migrate', Array)
#10 C:\xampp\htdocs\ayudar\spark(102): CodeIgniter\CLI\Console->run()
#11 {main}
ERROR - 2023-11-27 19:43:55 --> mysqli_sql_exception: Table 'users_info' already exists in C:\xampp\htdocs\ayudar\system\Database\MySQLi\Connection.php:306
Stack trace:
#0 C:\xampp\htdocs\ayudar\system\Database\MySQLi\Connection.php(306): mysqli->query('CREATE TABLE `u...', 0)
#1 C:\xampp\htdocs\ayudar\system\Database\BaseConnection.php(692): CodeIgniter\Database\MySQLi\Connection->execute('CREATE TABLE `u...')
#2 C:\xampp\htdocs\ayudar\system\Database\BaseConnection.php(606): CodeIgniter\Database\BaseConnection->simpleQuery('CREATE TABLE `u...')
#3 C:\xampp\htdocs\ayudar\system\Database\Forge.php(546): CodeIgniter\Database\BaseConnection->query('CREATE TABLE `u...')
#4 C:\xampp\htdocs\ayudar\app\Database\Migrations\2023-11-27-193827_Users.php(48): CodeIgniter\Database\Forge->createTable('users_info')
#5 C:\xampp\htdocs\ayudar\system\Database\MigrationRunner.php(877): App\Database\Migrations\Users->up()
#6 C:\xampp\htdocs\ayudar\system\Database\MigrationRunner.php(188): CodeIgniter\Database\MigrationRunner->migrate('up', Object(stdClass))
#7 C:\xampp\htdocs\ayudar\system\Commands\Database\Migrate.php(84): CodeIgniter\Database\MigrationRunner->latest(NULL)
#8 C:\xampp\htdocs\ayudar\system\CLI\Commands.php(65): CodeIgniter\Commands\Database\Migrate->run(Array)
#9 C:\xampp\htdocs\ayudar\system\CLI\Console.php(37): CodeIgniter\CLI\Commands->run('migrate', Array)
#10 C:\xampp\htdocs\ayudar\spark(102): CodeIgniter\CLI\Console->run()
#11 {main}
